<?xml version="1.0" encoding="UTF-8"?>
<!-- Generated by org.testng.reporters.JUnitReportReporter -->
<testsuite hostname="LAPTOP-8BFANB37" failures="0" tests="2" name="Group.Payment" time="0.002" errors="0" timestamp="2023-09-23T18:14:57 IST" skipped="0">
  <testcase classname="Group.Payment" name="UPI" time="0.001"/>
  <testcase classname="Group.Payment" name="COD" time="0.001"/>
</testsuite> <!-- Group.Payment -->
