<?xml version="1.0" encoding="UTF-8"?>
<!-- Generated by org.testng.reporters.JUnitReportReporter -->
<testsuite hostname="LAPTOP-8BFANB37" failures="0" tests="1" name="basic.P1Basic" time="0.009" errors="0" timestamp="2023-09-15T08:57:53 IST" skipped="0">
  <testcase classname="basic.P1Basic" name="test4" time="0.009"/>
</testsuite> <!-- basic.P1Basic -->
