<?xml version="1.0" encoding="UTF-8"?>
<!-- Generated by org.testng.reporters.JUnitReportReporter -->
<testsuite hostname="LAPTOP-8BFANB37" failures="0" tests="4" name="basic.P2_Priority" time="0.015" errors="0" timestamp="2023-09-15T09:09:13 IST" skipped="0">
  <testcase classname="basic.P2_Priority" name="createaccount" time="0.009"/>
  <testcase classname="basic.P2_Priority" name="login" time="0.003"/>
  <testcase classname="basic.P2_Priority" name="logout" time="0.002"/>
  <testcase classname="basic.P2_Priority" name="azudio" time="0.001"/>
</testsuite> <!-- basic.P2_Priority -->
