<?xml version="1.0" encoding="UTF-8"?>
<!-- Generated by org.testng.reporters.JUnitReportReporter -->
<testsuite hostname="LAPTOP-8BFANB37" failures="0" tests="3" name="BrowserTest.Browsertest" time="23.212" errors="0" timestamp="2023-09-22T09:52:42 IST" skipped="0">
  <testcase classname="BrowserTest.Browsertest" name="test" time="7.552"/>
  <testcase classname="BrowserTest.Browsertest" name="test" time="8.059"/>
  <testcase classname="BrowserTest.Browsertest" name="test" time="7.601"/>
</testsuite> <!-- BrowserTest.Browsertest -->
