<?xml version="1.0" encoding="UTF-8"?>
<!-- Generated by org.testng.reporters.JUnitReportReporter -->
<testsuite hostname="LAPTOP-8BFANB37" failures="0" tests="1" name="BrowserTest.TopsTest" time="4.623" errors="0" timestamp="2023-09-22T10:11:16 IST" skipped="0">
  <testcase classname="BrowserTest.TopsTest" name="test" time="4.623"/>
</testsuite> <!-- BrowserTest.TopsTest -->
