<?xml version="1.0" encoding="UTF-8"?>
<!-- Generated by org.testng.reporters.JUnitReportReporter -->
<testsuite hostname="LAPTOP-8BFANB37" failures="0" tests="4" name="eshop.Payment" time="0.005" errors="0" timestamp="2023-09-15T09:20:44 IST" skipped="0">
  <testcase classname="eshop.Payment" name="debitcard" time="0.002"/>
  <testcase classname="eshop.Payment" name="creditcard" time="0.001"/>
  <testcase classname="eshop.Payment" name="COD" time="0.001"/>
  <testcase classname="eshop.Payment" name="UPI" time="0.001"/>
</testsuite> <!-- eshop.Payment -->
