<?xml version="1.0" encoding="UTF-8"?>
<!-- Generated by org.testng.reporters.JUnitReportReporter -->
<testsuite hostname="LAPTOP-8BFANB37" failures="0" tests="3" name="eshop.Product" time="0.003" errors="0" timestamp="2023-09-15T09:20:44 IST" skipped="0">
  <testcase classname="eshop.Product" name="addtowishlist" time="0.000"/>
  <testcase classname="eshop.Product" name="addtocart" time="0.002"/>
  <testcase classname="eshop.Product" name="searchproduct" time="0.001"/>
</testsuite> <!-- eshop.Product -->
