<?xml version="1.0" encoding="UTF-8"?>
<!-- Generated by org.testng.reporters.JUnitReportReporter -->
<testsuite hostname="LAPTOP-8BFANB37" failures="0" tests="3" name="Group.User" time="0.014" errors="0" timestamp="2023-09-23T18:14:57 IST" skipped="0">
  <testcase classname="Group.User" name="login" time="0.010"/>
  <testcase classname="Group.User" name="logout" time="0.002"/>
  <testcase classname="Group.User" name="profile" time="0.002"/>
</testsuite> <!-- Group.User -->
