<?xml version="1.0" encoding="UTF-8"?>
<!-- Generated by org.testng.reporters.JUnitReportReporter -->
<testsuite hostname="LAPTOP-8BFANB37" failures="0" tests="2" name="parameter.FbparaLogin" time="0.765" errors="0" timestamp="2023-09-18T21:22:13 IST" skipped="0">
  <testcase classname="parameter.FbparaLogin" name="test" time="0.502"/>
  <testcase classname="parameter.FbparaLogin" name="test" time="0.263"/>
</testsuite> <!-- parameter.FbparaLogin -->
